<?xml version="1.0" encoding="UTF-8"?>
<testng-results skipped="0" failed="0" ignored="0" total="1" passed="1">
  <reporter-output>
  </reporter-output>
  <suite name="Surefire suite" duration-ms="21" started-at="2017-06-21T13:18:35Z" finished-at="2017-06-21T13:18:35Z">
    <groups>
    </groups>
    <test name="Surefire test" duration-ms="21" started-at="2017-06-21T13:18:35Z" finished-at="2017-06-21T13:18:35Z">
      <class name="com.epam.nwi.merchant_portal_at.AppTest">
        <test-method status="PASS" signature="testApp()" name="testApp" duration-ms="6" started-at="2017-06-21T17:18:35Z" finished-at="2017-06-21T17:18:35Z">
          <reporter-output>
          </reporter-output>
        </test-method> <!-- testApp -->
      </class> <!-- com.epam.nwi.merchant_portal_at.AppTest -->
    </test> <!-- Surefire test -->
  </suite> <!-- Surefire suite -->
</testng-results>
