<?xml version="1.0" encoding="UTF-8"?>
<testng-results skipped="0" failed="0" ignored="0" total="1" passed="1">
  <reporter-output>
  </reporter-output>
  <suite name="Surefire suite" duration-ms="8666" started-at="2017-06-21T13:18:26Z" finished-at="2017-06-21T13:18:35Z">
    <groups>
      <group name="cucumber">
        <method signature="AbstractTestNGCucumberTests.feature(cucumber.api.testng.CucumberFeatureWrapper)[pri:0, instance:com.epam.nwi.merchant_portal_at.runner.TestRunner@6537cf78]" name="feature" class="cucumber.api.testng.AbstractTestNGCucumberTests"/>
      </group> <!-- cucumber -->
    </groups>
    <test name="Surefire test" duration-ms="8666" started-at="2017-06-21T13:18:26Z" finished-at="2017-06-21T13:18:35Z">
      <class name="com.epam.nwi.merchant_portal_at.runner.TestRunner">
        <test-method status="PASS" signature="setUpClass()[pri:0, instance:com.epam.nwi.merchant_portal_at.runner.TestRunner@6537cf78]" name="setUpClass" is-config="true" duration-ms="167" started-at="2017-06-21T17:18:26Z" finished-at="2017-06-21T17:18:27Z">
          <reporter-output>
          </reporter-output>
        </test-method> <!-- setUpClass -->
        <test-method status="PASS" signature="feature(cucumber.api.testng.CucumberFeatureWrapper)[pri:0, instance:com.epam.nwi.merchant_portal_at.runner.TestRunner@6537cf78]" name="feature" duration-ms="8419" started-at="2017-06-21T17:18:27Z" description="Runs Cucumber Feature" data-provider="features" finished-at="2017-06-21T17:18:35Z">
          <params>
            <param index="0">
              <value>
                <![CDATA[OpenCreateNewAccountPage]]>
              </value>
            </param>
          </params>
          <reporter-output>
          </reporter-output>
        </test-method> <!-- feature -->
        <test-method status="PASS" signature="tearDownClass()[pri:0, instance:com.epam.nwi.merchant_portal_at.runner.TestRunner@6537cf78]" name="tearDownClass" is-config="true" duration-ms="8" started-at="2017-06-21T17:18:35Z" finished-at="2017-06-21T17:18:35Z">
          <reporter-output>
          </reporter-output>
        </test-method> <!-- tearDownClass -->
      </class> <!-- com.epam.nwi.merchant_portal_at.runner.TestRunner -->
    </test> <!-- Surefire test -->
  </suite> <!-- Surefire suite -->
</testng-results>
